<?xml version="1.0" encoding="UTF-8"?>
<!-- Generated by org.testng.reporters.JUnitXMLReporter -->
<testsuite hostname="B2ML13213" ignored="0" name="First Program" tests="4" failures="0" timestamp="02 Sep 2017 11:32:22 GMT" time="0.024" errors="0">
  <testcase name="w" time="0.004" classname="testNG.TestPriority"/>
  <testcase name="z" time="0.0" classname="testNG.TestPriority"/>
  <testcase name="g" time="0.0" classname="testNG.TestPriority"/>
  <testcase name="t" time="0.004" classname="testNG.TestPriority"/>
</testsuite> <!-- First Program -->
